{"D:\\Testing\\VS Code Projects\\ZodiaCore\\src\\services\\astrology\\zc4-2-personal-cycles-calculator.js": {"path":"D:\\Testing\\VS Code Projects\\ZodiaCore\\src\\services\\astrology\\zc4-2-personal-cycles-calculator.js","statementMap":{"0":{"start":{"line":15,"column":4},"end":{"line":15,"column":48}},"1":{"start":{"line":28,"column":4},"end":{"line":28,"column":44}},"2":{"start":{"line":37,"column":8},"end":{"line":37,"column":60}},"3":{"start":{"line":38,"column":8},"end":{"line":38,"column":31}},"4":{"start":{"line":39,"column":8},"end":{"line":39,"column":27}},"5":{"start":{"line":40,"column":8},"end":{"line":40,"column":29}},"6":{"start":{"line":50,"column":22},"end":{"line":50,"column":50}},"7":{"start":{"line":51,"column":21},"end":{"line":51,"column":60}},"8":{"start":{"line":53,"column":27},"end":{"line":53,"column":47}},"9":{"start":{"line":54,"column":25},"end":{"line":54,"column":40}},"10":{"start":{"line":57,"column":20},"end":{"line":57,"column":48}},"11":{"start":{"line":58,"column":29},"end":{"line":58,"column":53}},"12":{"start":{"line":60,"column":8},"end":{"line":71,"column":10}},"13":{"start":{"line":81,"column":8},"end":{"line":83,"column":9}},"14":{"start":{"line":82,"column":12},"end":{"line":82,"column":111}},"15":{"start":{"line":86,"column":20},"end":{"line":86,"column":47}},"16":{"start":{"line":87,"column":30},"end":{"line":87,"column":54}},"17":{"start":{"line":89,"column":8},"end":{"line":98,"column":10}},"18":{"start":{"line":108,"column":8},"end":{"line":110,"column":9}},"19":{"start":{"line":109,"column":12},"end":{"line":109,"column":107}},"20":{"start":{"line":113,"column":20},"end":{"line":113,"column":46}},"21":{"start":{"line":114,"column":28},"end":{"line":114,"column":52}},"22":{"start":{"line":116,"column":8},"end":{"line":125,"column":10}},"23":{"start":{"line":135,"column":22},"end":{"line":135,"column":50}},"24":{"start":{"line":136,"column":23},"end":{"line":136,"column":79}},"25":{"start":{"line":138,"column":28},"end":{"line":138,"column":48}},"26":{"start":{"line":139,"column":29},"end":{"line":139,"column":50}},"27":{"start":{"line":140,"column":27},"end":{"line":140,"column":43}},"28":{"start":{"line":143,"column":29},"end":{"line":143,"column":75}},"29":{"start":{"line":144,"column":30},"end":{"line":144,"column":98}},"30":{"start":{"line":145,"column":28},"end":{"line":145,"column":94}},"31":{"start":{"line":147,"column":8},"end":{"line":157,"column":10}},"32":{"start":{"line":168,"column":24},"end":{"line":168,"column":41}},"33":{"start":{"line":169,"column":25},"end":{"line":169,"column":44}},"34":{"start":{"line":170,"column":23},"end":{"line":170,"column":38}},"35":{"start":{"line":173,"column":33},"end":{"line":173,"column":66}},"36":{"start":{"line":174,"column":32},"end":{"line":174,"column":64}},"37":{"start":{"line":175,"column":31},"end":{"line":175,"column":62}},"38":{"start":{"line":177,"column":31},"end":{"line":178,"column":104}},"39":{"start":{"line":180,"column":8},"end":{"line":194,"column":10}},"40":{"start":{"line":204,"column":22},"end":{"line":204,"column":50}},"41":{"start":{"line":205,"column":26},"end":{"line":205,"column":28}},"42":{"start":{"line":206,"column":26},"end":{"line":206,"column":36}},"43":{"start":{"line":208,"column":8},"end":{"line":219,"column":9}},"44":{"start":{"line":208,"column":21},"end":{"line":208,"column":22}},"45":{"start":{"line":209,"column":31},"end":{"line":209,"column":93}},"46":{"start":{"line":210,"column":27},"end":{"line":210,"column":74}},"47":{"start":{"line":212,"column":12},"end":{"line":218,"column":15}},"48":{"start":{"line":221,"column":8},"end":{"line":226,"column":10}},"49":{"start":{"line":235,"column":21},"end":{"line":235,"column":39}},"50":{"start":{"line":236,"column":22},"end":{"line":236,"column":41}},"51":{"start":{"line":237,"column":20},"end":{"line":237,"column":37}},"52":{"start":{"line":239,"column":8},"end":{"line":248,"column":10}},"53":{"start":{"line":259,"column":26},"end":{"line":259,"column":50}},"54":{"start":{"line":260,"column":27},"end":{"line":260,"column":52}},"55":{"start":{"line":261,"column":25},"end":{"line":261,"column":48}},"56":{"start":{"line":263,"column":8},"end":{"line":266,"column":63}},"57":{"start":{"line":277,"column":8},"end":{"line":284,"column":10}},"58":{"start":{"line":295,"column":23},"end":{"line":295,"column":32}},"59":{"start":{"line":298,"column":8},"end":{"line":298,"column":78}},"60":{"start":{"line":298,"column":57},"end":{"line":298,"column":76}},"61":{"start":{"line":301,"column":8},"end":{"line":303,"column":11}},"62":{"start":{"line":302,"column":12},"end":{"line":302,"column":58}},"63":{"start":{"line":302,"column":38},"end":{"line":302,"column":58}},"64":{"start":{"line":306,"column":8},"end":{"line":308,"column":11}},"65":{"start":{"line":307,"column":12},"end":{"line":307,"column":58}},"66":{"start":{"line":307,"column":38},"end":{"line":307,"column":58}},"67":{"start":{"line":310,"column":8},"end":{"line":310,"column":46}},"68":{"start":{"line":321,"column":25},"end":{"line":321,"column":80}},"69":{"start":{"line":323,"column":8},"end":{"line":326,"column":9}},"70":{"start":{"line":324,"column":12},"end":{"line":324,"column":29}},"71":{"start":{"line":325,"column":12},"end":{"line":325,"column":44}},"72":{"start":{"line":327,"column":8},"end":{"line":327,"column":27}},"73":{"start":{"line":329,"column":8},"end":{"line":360,"column":9}},"74":{"start":{"line":330,"column":29},"end":{"line":335,"column":13}},"75":{"start":{"line":338,"column":12},"end":{"line":340,"column":13}},"76":{"start":{"line":339,"column":16},"end":{"line":339,"column":94}},"77":{"start":{"line":343,"column":12},"end":{"line":343,"column":102}},"78":{"start":{"line":344,"column":12},"end":{"line":345,"column":91}},"79":{"start":{"line":348,"column":12},"end":{"line":351,"column":14}},"80":{"start":{"line":354,"column":12},"end":{"line":354,"column":47}},"81":{"start":{"line":356,"column":12},"end":{"line":356,"column":28}},"82":{"start":{"line":359,"column":12},"end":{"line":359,"column":91}},"83":{"start":{"line":371,"column":28},"end":{"line":371,"column":62}},"84":{"start":{"line":372,"column":28},"end":{"line":372,"column":30}},"85":{"start":{"line":374,"column":8},"end":{"line":384,"column":9}},"86":{"start":{"line":374,"column":23},"end":{"line":374,"column":24}},"87":{"start":{"line":375,"column":31},"end":{"line":375,"column":61}},"88":{"start":{"line":376,"column":27},"end":{"line":376,"column":78}},"89":{"start":{"line":378,"column":12},"end":{"line":383,"column":15}},"90":{"start":{"line":386,"column":8},"end":{"line":391,"column":10}},"91":{"start":{"line":399,"column":29},"end":{"line":399,"column":86}},"92":{"start":{"line":400,"column":8},"end":{"line":406,"column":10}},"93":{"start":{"line":413,"column":8},"end":{"line":413,"column":27}},"94":{"start":{"line":418,"column":24},"end":{"line":418,"column":41}},"95":{"start":{"line":419,"column":25},"end":{"line":419,"column":44}},"96":{"start":{"line":420,"column":23},"end":{"line":420,"column":38}},"97":{"start":{"line":422,"column":25},"end":{"line":422,"column":27}},"98":{"start":{"line":425,"column":8},"end":{"line":427,"column":110}},"99":{"start":{"line":425,"column":27},"end":{"line":425,"column":98}},"100":{"start":{"line":426,"column":13},"end":{"line":427,"column":110}},"101":{"start":{"line":426,"column":32},"end":{"line":426,"column":99}},"102":{"start":{"line":427,"column":13},"end":{"line":427,"column":110}},"103":{"start":{"line":427,"column":32},"end":{"line":427,"column":110}},"104":{"start":{"line":430,"column":8},"end":{"line":431,"column":111}},"105":{"start":{"line":430,"column":28},"end":{"line":430,"column":110}},"106":{"start":{"line":431,"column":13},"end":{"line":431,"column":111}},"107":{"start":{"line":431,"column":33},"end":{"line":431,"column":111}},"108":{"start":{"line":433,"column":8},"end":{"line":433,"column":100}},"109":{"start":{"line":437,"column":30},"end":{"line":437,"column":32}},"110":{"start":{"line":438,"column":24},"end":{"line":438,"column":41}},"111":{"start":{"line":439,"column":25},"end":{"line":439,"column":44}},"112":{"start":{"line":441,"column":8},"end":{"line":441,"column":93}},"113":{"start":{"line":441,"column":27},"end":{"line":441,"column":93}},"114":{"start":{"line":442,"column":8},"end":{"line":442,"column":87}},"115":{"start":{"line":442,"column":27},"end":{"line":442,"column":87}},"116":{"start":{"line":443,"column":8},"end":{"line":443,"column":95}},"117":{"start":{"line":443,"column":28},"end":{"line":443,"column":95}},"118":{"start":{"line":445,"column":8},"end":{"line":445,"column":100}},"119":{"start":{"line":449,"column":27},"end":{"line":449,"column":29}},"120":{"start":{"line":450,"column":24},"end":{"line":450,"column":41}},"121":{"start":{"line":451,"column":25},"end":{"line":451,"column":44}},"122":{"start":{"line":453,"column":8},"end":{"line":453,"column":87}},"123":{"start":{"line":453,"column":27},"end":{"line":453,"column":87}},"124":{"start":{"line":454,"column":8},"end":{"line":454,"column":89}},"125":{"start":{"line":454,"column":27},"end":{"line":454,"column":89}},"126":{"start":{"line":455,"column":8},"end":{"line":455,"column":96}},"127":{"start":{"line":455,"column":28},"end":{"line":455,"column":96}},"128":{"start":{"line":457,"column":8},"end":{"line":457,"column":82}},"129":{"start":{"line":461,"column":24},"end":{"line":461,"column":41}},"130":{"start":{"line":462,"column":25},"end":{"line":462,"column":44}},"131":{"start":{"line":464,"column":8},"end":{"line":464,"column":101}},"132":{"start":{"line":464,"column":45},"end":{"line":464,"column":101}},"133":{"start":{"line":465,"column":8},"end":{"line":465,"column":105}},"134":{"start":{"line":465,"column":45},"end":{"line":465,"column":105}},"135":{"start":{"line":466,"column":8},"end":{"line":466,"column":46}},"136":{"start":{"line":470,"column":24},"end":{"line":470,"column":41}},"137":{"start":{"line":471,"column":25},"end":{"line":471,"column":44}},"138":{"start":{"line":473,"column":8},"end":{"line":473,"column":102}},"139":{"start":{"line":473,"column":45},"end":{"line":473,"column":102}},"140":{"start":{"line":474,"column":8},"end":{"line":474,"column":100}},"141":{"start":{"line":474,"column":45},"end":{"line":474,"column":100}},"142":{"start":{"line":475,"column":8},"end":{"line":475,"column":40}},"143":{"start":{"line":479,"column":24},"end":{"line":479,"column":41}},"144":{"start":{"line":480,"column":25},"end":{"line":480,"column":44}},"145":{"start":{"line":482,"column":8},"end":{"line":482,"column":107}},"146":{"start":{"line":482,"column":45},"end":{"line":482,"column":107}},"147":{"start":{"line":483,"column":8},"end":{"line":483,"column":106}},"148":{"start":{"line":483,"column":45},"end":{"line":483,"column":106}},"149":{"start":{"line":484,"column":8},"end":{"line":484,"column":40}},"150":{"start":{"line":488,"column":24},"end":{"line":488,"column":41}},"151":{"start":{"line":489,"column":25},"end":{"line":489,"column":44}},"152":{"start":{"line":491,"column":8},"end":{"line":491,"column":105}},"153":{"start":{"line":491,"column":45},"end":{"line":491,"column":105}},"154":{"start":{"line":492,"column":8},"end":{"line":492,"column":102}},"155":{"start":{"line":492,"column":45},"end":{"line":492,"column":102}},"156":{"start":{"line":493,"column":8},"end":{"line":493,"column":43}},"157":{"start":{"line":497,"column":24},"end":{"line":497,"column":41}},"158":{"start":{"line":498,"column":25},"end":{"line":498,"column":44}},"159":{"start":{"line":500,"column":8},"end":{"line":500,"column":75}},"160":{"start":{"line":500,"column":27},"end":{"line":500,"column":75}},"161":{"start":{"line":501,"column":8},"end":{"line":501,"column":78}},"162":{"start":{"line":501,"column":27},"end":{"line":501,"column":78}},"163":{"start":{"line":502,"column":8},"end":{"line":502,"column":72}},"164":{"start":{"line":502,"column":28},"end":{"line":502,"column":72}},"165":{"start":{"line":503,"column":8},"end":{"line":503,"column":42}},"166":{"start":{"line":507,"column":24},"end":{"line":507,"column":41}},"167":{"start":{"line":508,"column":25},"end":{"line":508,"column":44}},"168":{"start":{"line":510,"column":8},"end":{"line":510,"column":73}},"169":{"start":{"line":510,"column":27},"end":{"line":510,"column":73}},"170":{"start":{"line":511,"column":8},"end":{"line":511,"column":74}},"171":{"start":{"line":511,"column":28},"end":{"line":511,"column":74}},"172":{"start":{"line":512,"column":8},"end":{"line":512,"column":39}},"173":{"start":{"line":516,"column":24},"end":{"line":516,"column":41}},"174":{"start":{"line":517,"column":25},"end":{"line":517,"column":44}},"175":{"start":{"line":519,"column":8},"end":{"line":519,"column":80}},"176":{"start":{"line":519,"column":27},"end":{"line":519,"column":80}},"177":{"start":{"line":520,"column":8},"end":{"line":520,"column":75}},"178":{"start":{"line":520,"column":28},"end":{"line":520,"column":75}},"179":{"start":{"line":521,"column":8},"end":{"line":521,"column":33}},"180":{"start":{"line":525,"column":24},"end":{"line":525,"column":41}},"181":{"start":{"line":526,"column":25},"end":{"line":526,"column":44}},"182":{"start":{"line":528,"column":8},"end":{"line":528,"column":76}},"183":{"start":{"line":528,"column":27},"end":{"line":528,"column":76}},"184":{"start":{"line":529,"column":8},"end":{"line":529,"column":93}},"185":{"start":{"line":529,"column":28},"end":{"line":529,"column":93}},"186":{"start":{"line":530,"column":8},"end":{"line":530,"column":33}},"187":{"start":{"line":534,"column":24},"end":{"line":534,"column":41}},"188":{"start":{"line":535,"column":25},"end":{"line":535,"column":44}},"189":{"start":{"line":537,"column":8},"end":{"line":537,"column":84}},"190":{"start":{"line":537,"column":27},"end":{"line":537,"column":84}},"191":{"start":{"line":538,"column":8},"end":{"line":538,"column":86}},"192":{"start":{"line":538,"column":28},"end":{"line":538,"column":86}},"193":{"start":{"line":539,"column":8},"end":{"line":539,"column":36}},"194":{"start":{"line":543,"column":8},"end":{"line":543,"column":86}},"195":{"start":{"line":543,"column":50},"end":{"line":543,"column":86}},"196":{"start":{"line":545,"column":33},"end":{"line":548,"column":32}},"197":{"start":{"line":546,"column":27},"end":{"line":546,"column":57}},"198":{"start":{"line":547,"column":12},"end":{"line":547,"column":49}},"199":{"start":{"line":550,"column":35},"end":{"line":550,"column":112}},"200":{"start":{"line":552,"column":8},"end":{"line":552,"column":123}},"201":{"start":{"line":556,"column":8},"end":{"line":556,"column":87}},"202":{"start":{"line":556,"column":54},"end":{"line":556,"column":87}},"203":{"start":{"line":558,"column":28},"end":{"line":561,"column":14}},"204":{"start":{"line":559,"column":12},"end":{"line":559,"column":67}},"205":{"start":{"line":560,"column":12},"end":{"line":560,"column":26}},"206":{"start":{"line":563,"column":32},"end":{"line":564,"column":43}},"207":{"start":{"line":564,"column":34},"end":{"line":564,"column":39}},"208":{"start":{"line":566,"column":8},"end":{"line":566,"column":143}},"209":{"start":{"line":570,"column":0},"end":{"line":573,"column":2}}},"fnMap":{"0":{"name":"(anonymous_0)","decl":{"start":{"line":36,"column":4},"end":{"line":36,"column":5}},"loc":{"start":{"line":36,"column":18},"end":{"line":41,"column":5}},"line":36},"1":{"name":"(anonymous_1)","decl":{"start":{"line":49,"column":4},"end":{"line":49,"column":5}},"loc":{"start":{"line":49,"column":57},"end":{"line":72,"column":5}},"line":49},"2":{"name":"(anonymous_2)","decl":{"start":{"line":80,"column":4},"end":{"line":80,"column":5}},"loc":{"start":{"line":80,"column":55},"end":{"line":99,"column":5}},"line":80},"3":{"name":"(anonymous_3)","decl":{"start":{"line":107,"column":4},"end":{"line":107,"column":5}},"loc":{"start":{"line":107,"column":52},"end":{"line":126,"column":5}},"line":107},"4":{"name":"(anonymous_4)","decl":{"start":{"line":134,"column":4},"end":{"line":134,"column":5}},"loc":{"start":{"line":134,"column":58},"end":{"line":158,"column":5}},"line":134},"5":{"name":"(anonymous_5)","decl":{"start":{"line":167,"column":4},"end":{"line":167,"column":5}},"loc":{"start":{"line":167,"column":48},"end":{"line":195,"column":5}},"line":167},"6":{"name":"(anonymous_6)","decl":{"start":{"line":203,"column":4},"end":{"line":203,"column":5}},"loc":{"start":{"line":203,"column":55},"end":{"line":227,"column":5}},"line":203},"7":{"name":"(anonymous_7)","decl":{"start":{"line":234,"column":4},"end":{"line":234,"column":5}},"loc":{"start":{"line":234,"column":41},"end":{"line":249,"column":5}},"line":234},"8":{"name":"(anonymous_8)","decl":{"start":{"line":258,"column":4},"end":{"line":258,"column":5}},"loc":{"start":{"line":258,"column":52},"end":{"line":267,"column":5}},"line":258},"9":{"name":"(anonymous_9)","decl":{"start":{"line":276,"column":4},"end":{"line":276,"column":5}},"loc":{"start":{"line":276,"column":51},"end":{"line":285,"column":5}},"line":276},"10":{"name":"(anonymous_10)","decl":{"start":{"line":294,"column":4},"end":{"line":294,"column":5}},"loc":{"start":{"line":294,"column":39},"end":{"line":311,"column":5}},"line":294},"11":{"name":"(anonymous_11)","decl":{"start":{"line":298,"column":46},"end":{"line":298,"column":47}},"loc":{"start":{"line":298,"column":57},"end":{"line":298,"column":76}},"line":298},"12":{"name":"(anonymous_12)","decl":{"start":{"line":301,"column":47},"end":{"line":301,"column":48}},"loc":{"start":{"line":301,"column":58},"end":{"line":303,"column":9}},"line":301},"13":{"name":"(anonymous_13)","decl":{"start":{"line":306,"column":45},"end":{"line":306,"column":46}},"loc":{"start":{"line":306,"column":56},"end":{"line":308,"column":9}},"line":306},"14":{"name":"(anonymous_14)","decl":{"start":{"line":320,"column":4},"end":{"line":320,"column":5}},"loc":{"start":{"line":320,"column":74},"end":{"line":361,"column":5}},"line":320},"15":{"name":"(anonymous_15)","decl":{"start":{"line":370,"column":4},"end":{"line":370,"column":5}},"loc":{"start":{"line":370,"column":52},"end":{"line":392,"column":5}},"line":370},"16":{"name":"(anonymous_16)","decl":{"start":{"line":398,"column":4},"end":{"line":398,"column":5}},"loc":{"start":{"line":398,"column":22},"end":{"line":407,"column":5}},"line":398},"17":{"name":"(anonymous_17)","decl":{"start":{"line":412,"column":4},"end":{"line":412,"column":5}},"loc":{"start":{"line":412,"column":17},"end":{"line":414,"column":5}},"line":412},"18":{"name":"(anonymous_18)","decl":{"start":{"line":417,"column":4},"end":{"line":417,"column":5}},"loc":{"start":{"line":417,"column":45},"end":{"line":434,"column":5}},"line":417},"19":{"name":"(anonymous_19)","decl":{"start":{"line":436,"column":4},"end":{"line":436,"column":5}},"loc":{"start":{"line":436,"column":44},"end":{"line":446,"column":5}},"line":436},"20":{"name":"(anonymous_20)","decl":{"start":{"line":448,"column":4},"end":{"line":448,"column":5}},"loc":{"start":{"line":448,"column":41},"end":{"line":458,"column":5}},"line":448},"21":{"name":"(anonymous_21)","decl":{"start":{"line":460,"column":4},"end":{"line":460,"column":5}},"loc":{"start":{"line":460,"column":48},"end":{"line":467,"column":5}},"line":460},"22":{"name":"(anonymous_22)","decl":{"start":{"line":469,"column":4},"end":{"line":469,"column":5}},"loc":{"start":{"line":469,"column":42},"end":{"line":476,"column":5}},"line":469},"23":{"name":"(anonymous_23)","decl":{"start":{"line":478,"column":4},"end":{"line":478,"column":5}},"loc":{"start":{"line":478,"column":42},"end":{"line":485,"column":5}},"line":478},"24":{"name":"(anonymous_24)","decl":{"start":{"line":487,"column":4},"end":{"line":487,"column":5}},"loc":{"start":{"line":487,"column":45},"end":{"line":494,"column":5}},"line":487},"25":{"name":"(anonymous_25)","decl":{"start":{"line":496,"column":4},"end":{"line":496,"column":5}},"loc":{"start":{"line":496,"column":48},"end":{"line":504,"column":5}},"line":496},"26":{"name":"(anonymous_26)","decl":{"start":{"line":506,"column":4},"end":{"line":506,"column":5}},"loc":{"start":{"line":506,"column":46},"end":{"line":513,"column":5}},"line":506},"27":{"name":"(anonymous_27)","decl":{"start":{"line":515,"column":4},"end":{"line":515,"column":5}},"loc":{"start":{"line":515,"column":40},"end":{"line":522,"column":5}},"line":515},"28":{"name":"(anonymous_28)","decl":{"start":{"line":524,"column":4},"end":{"line":524,"column":5}},"loc":{"start":{"line":524,"column":40},"end":{"line":531,"column":5}},"line":524},"29":{"name":"(anonymous_29)","decl":{"start":{"line":533,"column":4},"end":{"line":533,"column":5}},"loc":{"start":{"line":533,"column":43},"end":{"line":540,"column":5}},"line":533},"30":{"name":"(anonymous_30)","decl":{"start":{"line":542,"column":4},"end":{"line":542,"column":5}},"loc":{"start":{"line":542,"column":33},"end":{"line":553,"column":5}},"line":542},"31":{"name":"(anonymous_31)","decl":{"start":{"line":545,"column":50},"end":{"line":545,"column":51}},"loc":{"start":{"line":545,"column":62},"end":{"line":548,"column":9}},"line":545},"32":{"name":"(anonymous_32)","decl":{"start":{"line":555,"column":4},"end":{"line":555,"column":5}},"loc":{"start":{"line":555,"column":40},"end":{"line":567,"column":5}},"line":555},"33":{"name":"(anonymous_33)","decl":{"start":{"line":558,"column":47},"end":{"line":558,"column":48}},"loc":{"start":{"line":558,"column":64},"end":{"line":561,"column":9}},"line":558},"34":{"name":"(anonymous_34)","decl":{"start":{"line":564,"column":18},"end":{"line":564,"column":19}},"loc":{"start":{"line":564,"column":34},"end":{"line":564,"column":39}},"line":564}},"branchMap":{"0":{"loc":{"start":{"line":49,"column":37},"end":{"line":49,"column":55}},"type":"default-arg","locations":[{"start":{"line":49,"column":51},"end":{"line":49,"column":55}}],"line":49},"1":{"loc":{"start":{"line":51,"column":21},"end":{"line":51,"column":60}},"type":"binary-expr","locations":[{"start":{"line":51,"column":21},"end":{"line":51,"column":32}},{"start":{"line":51,"column":36},"end":{"line":51,"column":60}}],"line":51},"2":{"loc":{"start":{"line":81,"column":8},"end":{"line":83,"column":9}},"type":"if","locations":[{"start":{"line":81,"column":8},"end":{"line":83,"column":9}},{"start":{},"end":{}}],"line":81},"3":{"loc":{"start":{"line":81,"column":12},"end":{"line":81,"column":49}},"type":"binary-expr","locations":[{"start":{"line":81,"column":12},"end":{"line":81,"column":28}},{"start":{"line":81,"column":32},"end":{"line":81,"column":49}}],"line":81},"4":{"loc":{"start":{"line":108,"column":8},"end":{"line":110,"column":9}},"type":"if","locations":[{"start":{"line":108,"column":8},"end":{"line":110,"column":9}},{"start":{},"end":{}}],"line":108},"5":{"loc":{"start":{"line":108,"column":12},"end":{"line":108,"column":45}},"type":"binary-expr","locations":[{"start":{"line":108,"column":12},"end":{"line":108,"column":26}},{"start":{"line":108,"column":30},"end":{"line":108,"column":45}}],"line":108},"6":{"loc":{"start":{"line":134,"column":39},"end":{"line":134,"column":56}},"type":"default-arg","locations":[{"start":{"line":134,"column":52},"end":{"line":134,"column":56}}],"line":134},"7":{"loc":{"start":{"line":136,"column":23},"end":{"line":136,"column":79}},"type":"cond-expr","locations":[{"start":{"line":136,"column":36},"end":{"line":136,"column":66}},{"start":{"line":136,"column":69},"end":{"line":136,"column":79}}],"line":136},"8":{"loc":{"start":{"line":177,"column":31},"end":{"line":178,"column":104}},"type":"cond-expr","locations":[{"start":{"line":177,"column":89},"end":{"line":177,"column":95}},{"start":{"line":178,"column":30},"end":{"line":178,"column":104}}],"line":177},"9":{"loc":{"start":{"line":177,"column":32},"end":{"line":177,"column":85}},"type":"binary-expr","locations":[{"start":{"line":177,"column":32},"end":{"line":177,"column":48}},{"start":{"line":177,"column":52},"end":{"line":177,"column":67}},{"start":{"line":177,"column":71},"end":{"line":177,"column":85}}],"line":177},"10":{"loc":{"start":{"line":178,"column":30},"end":{"line":178,"column":104}},"type":"cond-expr","locations":[{"start":{"line":178,"column":88},"end":{"line":178,"column":96}},{"start":{"line":178,"column":99},"end":{"line":178,"column":104}}],"line":178},"11":{"loc":{"start":{"line":178,"column":31},"end":{"line":178,"column":84}},"type":"binary-expr","locations":[{"start":{"line":178,"column":31},"end":{"line":178,"column":47}},{"start":{"line":178,"column":51},"end":{"line":178,"column":66}},{"start":{"line":178,"column":70},"end":{"line":178,"column":84}}],"line":178},"12":{"loc":{"start":{"line":203,"column":37},"end":{"line":203,"column":53}},"type":"default-arg","locations":[{"start":{"line":203,"column":51},"end":{"line":203,"column":53}}],"line":203},"13":{"loc":{"start":{"line":302,"column":12},"end":{"line":302,"column":58}},"type":"if","locations":[{"start":{"line":302,"column":12},"end":{"line":302,"column":58}},{"start":{},"end":{}}],"line":302},"14":{"loc":{"start":{"line":307,"column":12},"end":{"line":307,"column":58}},"type":"if","locations":[{"start":{"line":307,"column":12},"end":{"line":307,"column":58}},{"start":{},"end":{}}],"line":307},"15":{"loc":{"start":{"line":320,"column":41},"end":{"line":320,"column":58}},"type":"default-arg","locations":[{"start":{"line":320,"column":54},"end":{"line":320,"column":58}}],"line":320},"16":{"loc":{"start":{"line":320,"column":60},"end":{"line":320,"column":72}},"type":"default-arg","locations":[{"start":{"line":320,"column":70},"end":{"line":320,"column":72}}],"line":320},"17":{"loc":{"start":{"line":323,"column":8},"end":{"line":326,"column":9}},"type":"if","locations":[{"start":{"line":323,"column":8},"end":{"line":326,"column":9}},{"start":{},"end":{}}],"line":323},"18":{"loc":{"start":{"line":323,"column":12},"end":{"line":323,"column":58}},"type":"binary-expr","locations":[{"start":{"line":323,"column":12},"end":{"line":323,"column":36}},{"start":{"line":323,"column":40},"end":{"line":323,"column":58}}],"line":323},"19":{"loc":{"start":{"line":332,"column":28},"end":{"line":332,"column":80}},"type":"binary-expr","locations":[{"start":{"line":332,"column":28},"end":{"line":332,"column":38}},{"start":{"line":332,"column":42},"end":{"line":332,"column":80}}],"line":332},"20":{"loc":{"start":{"line":344,"column":32},"end":{"line":345,"column":90}},"type":"cond-expr","locations":[{"start":{"line":345,"column":16},"end":{"line":345,"column":83}},{"start":{"line":345,"column":86},"end":{"line":345,"column":90}}],"line":344},"21":{"loc":{"start":{"line":345,"column":54},"end":{"line":345,"column":82}},"type":"binary-expr","locations":[{"start":{"line":345,"column":54},"end":{"line":345,"column":76}},{"start":{"line":345,"column":80},"end":{"line":345,"column":82}}],"line":345},"22":{"loc":{"start":{"line":399,"column":29},"end":{"line":399,"column":86}},"type":"binary-expr","locations":[{"start":{"line":399,"column":29},"end":{"line":399,"column":81}},{"start":{"line":399,"column":85},"end":{"line":399,"column":86}}],"line":399},"23":{"loc":{"start":{"line":425,"column":8},"end":{"line":427,"column":110}},"type":"if","locations":[{"start":{"line":425,"column":8},"end":{"line":427,"column":110}},{"start":{"line":426,"column":13},"end":{"line":427,"column":110}}],"line":425},"24":{"loc":{"start":{"line":426,"column":13},"end":{"line":427,"column":110}},"type":"if","locations":[{"start":{"line":426,"column":13},"end":{"line":427,"column":110}},{"start":{"line":427,"column":13},"end":{"line":427,"column":110}}],"line":426},"25":{"loc":{"start":{"line":427,"column":13},"end":{"line":427,"column":110}},"type":"if","locations":[{"start":{"line":427,"column":13},"end":{"line":427,"column":110}},{"start":{},"end":{}}],"line":427},"26":{"loc":{"start":{"line":430,"column":8},"end":{"line":431,"column":111}},"type":"if","locations":[{"start":{"line":430,"column":8},"end":{"line":431,"column":111}},{"start":{"line":431,"column":13},"end":{"line":431,"column":111}}],"line":430},"27":{"loc":{"start":{"line":431,"column":13},"end":{"line":431,"column":111}},"type":"if","locations":[{"start":{"line":431,"column":13},"end":{"line":431,"column":111}},{"start":{},"end":{}}],"line":431},"28":{"loc":{"start":{"line":433,"column":15},"end":{"line":433,"column":99}},"type":"cond-expr","locations":[{"start":{"line":433,"column":37},"end":{"line":433,"column":45}},{"start":{"line":433,"column":48},"end":{"line":433,"column":99}}],"line":433},"29":{"loc":{"start":{"line":441,"column":8},"end":{"line":441,"column":93}},"type":"if","locations":[{"start":{"line":441,"column":8},"end":{"line":441,"column":93}},{"start":{},"end":{}}],"line":441},"30":{"loc":{"start":{"line":442,"column":8},"end":{"line":442,"column":87}},"type":"if","locations":[{"start":{"line":442,"column":8},"end":{"line":442,"column":87}},{"start":{},"end":{}}],"line":442},"31":{"loc":{"start":{"line":443,"column":8},"end":{"line":443,"column":95}},"type":"if","locations":[{"start":{"line":443,"column":8},"end":{"line":443,"column":95}},{"start":{},"end":{}}],"line":443},"32":{"loc":{"start":{"line":445,"column":15},"end":{"line":445,"column":99}},"type":"cond-expr","locations":[{"start":{"line":445,"column":42},"end":{"line":445,"column":55}},{"start":{"line":445,"column":58},"end":{"line":445,"column":99}}],"line":445},"33":{"loc":{"start":{"line":453,"column":8},"end":{"line":453,"column":87}},"type":"if","locations":[{"start":{"line":453,"column":8},"end":{"line":453,"column":87}},{"start":{},"end":{}}],"line":453},"34":{"loc":{"start":{"line":454,"column":8},"end":{"line":454,"column":89}},"type":"if","locations":[{"start":{"line":454,"column":8},"end":{"line":454,"column":89}},{"start":{},"end":{}}],"line":454},"35":{"loc":{"start":{"line":455,"column":8},"end":{"line":455,"column":96}},"type":"if","locations":[{"start":{"line":455,"column":8},"end":{"line":455,"column":96}},{"start":{},"end":{}}],"line":455},"36":{"loc":{"start":{"line":457,"column":15},"end":{"line":457,"column":81}},"type":"cond-expr","locations":[{"start":{"line":457,"column":39},"end":{"line":457,"column":49}},{"start":{"line":457,"column":52},"end":{"line":457,"column":81}}],"line":457},"37":{"loc":{"start":{"line":464,"column":8},"end":{"line":464,"column":101}},"type":"if","locations":[{"start":{"line":464,"column":8},"end":{"line":464,"column":101}},{"start":{},"end":{}}],"line":464},"38":{"loc":{"start":{"line":464,"column":12},"end":{"line":464,"column":43}},"type":"binary-expr","locations":[{"start":{"line":464,"column":12},"end":{"line":464,"column":25}},{"start":{"line":464,"column":29},"end":{"line":464,"column":43}}],"line":464},"39":{"loc":{"start":{"line":465,"column":8},"end":{"line":465,"column":105}},"type":"if","locations":[{"start":{"line":465,"column":8},"end":{"line":465,"column":105}},{"start":{},"end":{}}],"line":465},"40":{"loc":{"start":{"line":465,"column":12},"end":{"line":465,"column":43}},"type":"binary-expr","locations":[{"start":{"line":465,"column":12},"end":{"line":465,"column":25}},{"start":{"line":465,"column":29},"end":{"line":465,"column":43}}],"line":465},"41":{"loc":{"start":{"line":473,"column":8},"end":{"line":473,"column":102}},"type":"if","locations":[{"start":{"line":473,"column":8},"end":{"line":473,"column":102}},{"start":{},"end":{}}],"line":473},"42":{"loc":{"start":{"line":473,"column":12},"end":{"line":473,"column":43}},"type":"binary-expr","locations":[{"start":{"line":473,"column":12},"end":{"line":473,"column":25}},{"start":{"line":473,"column":29},"end":{"line":473,"column":43}}],"line":473},"43":{"loc":{"start":{"line":474,"column":8},"end":{"line":474,"column":100}},"type":"if","locations":[{"start":{"line":474,"column":8},"end":{"line":474,"column":100}},{"start":{},"end":{}}],"line":474},"44":{"loc":{"start":{"line":474,"column":12},"end":{"line":474,"column":43}},"type":"binary-expr","locations":[{"start":{"line":474,"column":12},"end":{"line":474,"column":25}},{"start":{"line":474,"column":29},"end":{"line":474,"column":43}}],"line":474},"45":{"loc":{"start":{"line":482,"column":8},"end":{"line":482,"column":107}},"type":"if","locations":[{"start":{"line":482,"column":8},"end":{"line":482,"column":107}},{"start":{},"end":{}}],"line":482},"46":{"loc":{"start":{"line":482,"column":12},"end":{"line":482,"column":43}},"type":"binary-expr","locations":[{"start":{"line":482,"column":12},"end":{"line":482,"column":25}},{"start":{"line":482,"column":29},"end":{"line":482,"column":43}}],"line":482},"47":{"loc":{"start":{"line":483,"column":8},"end":{"line":483,"column":106}},"type":"if","locations":[{"start":{"line":483,"column":8},"end":{"line":483,"column":106}},{"start":{},"end":{}}],"line":483},"48":{"loc":{"start":{"line":483,"column":12},"end":{"line":483,"column":43}},"type":"binary-expr","locations":[{"start":{"line":483,"column":12},"end":{"line":483,"column":25}},{"start":{"line":483,"column":29},"end":{"line":483,"column":43}}],"line":483},"49":{"loc":{"start":{"line":491,"column":8},"end":{"line":491,"column":105}},"type":"if","locations":[{"start":{"line":491,"column":8},"end":{"line":491,"column":105}},{"start":{},"end":{}}],"line":491},"50":{"loc":{"start":{"line":491,"column":12},"end":{"line":491,"column":43}},"type":"binary-expr","locations":[{"start":{"line":491,"column":12},"end":{"line":491,"column":25}},{"start":{"line":491,"column":29},"end":{"line":491,"column":43}}],"line":491},"51":{"loc":{"start":{"line":492,"column":8},"end":{"line":492,"column":102}},"type":"if","locations":[{"start":{"line":492,"column":8},"end":{"line":492,"column":102}},{"start":{},"end":{}}],"line":492},"52":{"loc":{"start":{"line":492,"column":12},"end":{"line":492,"column":43}},"type":"binary-expr","locations":[{"start":{"line":492,"column":12},"end":{"line":492,"column":25}},{"start":{"line":492,"column":29},"end":{"line":492,"column":43}}],"line":492},"53":{"loc":{"start":{"line":500,"column":8},"end":{"line":500,"column":75}},"type":"if","locations":[{"start":{"line":500,"column":8},"end":{"line":500,"column":75}},{"start":{},"end":{}}],"line":500},"54":{"loc":{"start":{"line":501,"column":8},"end":{"line":501,"column":78}},"type":"if","locations":[{"start":{"line":501,"column":8},"end":{"line":501,"column":78}},{"start":{},"end":{}}],"line":501},"55":{"loc":{"start":{"line":502,"column":8},"end":{"line":502,"column":72}},"type":"if","locations":[{"start":{"line":502,"column":8},"end":{"line":502,"column":72}},{"start":{},"end":{}}],"line":502},"56":{"loc":{"start":{"line":510,"column":8},"end":{"line":510,"column":73}},"type":"if","locations":[{"start":{"line":510,"column":8},"end":{"line":510,"column":73}},{"start":{},"end":{}}],"line":510},"57":{"loc":{"start":{"line":511,"column":8},"end":{"line":511,"column":74}},"type":"if","locations":[{"start":{"line":511,"column":8},"end":{"line":511,"column":74}},{"start":{},"end":{}}],"line":511},"58":{"loc":{"start":{"line":519,"column":8},"end":{"line":519,"column":80}},"type":"if","locations":[{"start":{"line":519,"column":8},"end":{"line":519,"column":80}},{"start":{},"end":{}}],"line":519},"59":{"loc":{"start":{"line":520,"column":8},"end":{"line":520,"column":75}},"type":"if","locations":[{"start":{"line":520,"column":8},"end":{"line":520,"column":75}},{"start":{},"end":{}}],"line":520},"60":{"loc":{"start":{"line":528,"column":8},"end":{"line":528,"column":76}},"type":"if","locations":[{"start":{"line":528,"column":8},"end":{"line":528,"column":76}},{"start":{},"end":{}}],"line":528},"61":{"loc":{"start":{"line":529,"column":8},"end":{"line":529,"column":93}},"type":"if","locations":[{"start":{"line":529,"column":8},"end":{"line":529,"column":93}},{"start":{},"end":{}}],"line":529},"62":{"loc":{"start":{"line":537,"column":8},"end":{"line":537,"column":84}},"type":"if","locations":[{"start":{"line":537,"column":8},"end":{"line":537,"column":84}},{"start":{},"end":{}}],"line":537},"63":{"loc":{"start":{"line":538,"column":8},"end":{"line":538,"column":86}},"type":"if","locations":[{"start":{"line":538,"column":8},"end":{"line":538,"column":86}},{"start":{},"end":{}}],"line":538},"64":{"loc":{"start":{"line":543,"column":8},"end":{"line":543,"column":86}},"type":"if","locations":[{"start":{"line":543,"column":8},"end":{"line":543,"column":86}},{"start":{},"end":{}}],"line":543},"65":{"loc":{"start":{"line":543,"column":12},"end":{"line":543,"column":48}},"type":"binary-expr","locations":[{"start":{"line":543,"column":12},"end":{"line":543,"column":22}},{"start":{"line":543,"column":26},"end":{"line":543,"column":48}}],"line":543},"66":{"loc":{"start":{"line":550,"column":35},"end":{"line":550,"column":112}},"type":"cond-expr","locations":[{"start":{"line":550,"column":61},"end":{"line":550,"column":67}},{"start":{"line":550,"column":70},"end":{"line":550,"column":112}}],"line":550},"67":{"loc":{"start":{"line":550,"column":70},"end":{"line":550,"column":112}},"type":"cond-expr","locations":[{"start":{"line":550,"column":96},"end":{"line":550,"column":104}},{"start":{"line":550,"column":107},"end":{"line":550,"column":112}}],"line":550},"68":{"loc":{"start":{"line":556,"column":8},"end":{"line":556,"column":87}},"type":"if","locations":[{"start":{"line":556,"column":8},"end":{"line":556,"column":87}},{"start":{},"end":{}}],"line":556},"69":{"loc":{"start":{"line":556,"column":12},"end":{"line":556,"column":52}},"type":"binary-expr","locations":[{"start":{"line":556,"column":12},"end":{"line":556,"column":24}},{"start":{"line":556,"column":28},"end":{"line":556,"column":52}}],"line":556},"70":{"loc":{"start":{"line":559,"column":36},"end":{"line":559,"column":61}},"type":"binary-expr","locations":[{"start":{"line":559,"column":36},"end":{"line":559,"column":56}},{"start":{"line":559,"column":60},"end":{"line":559,"column":61}}],"line":559}},"s":{"0":1,"1":1,"2":49,"3":49,"4":49,"5":49,"6":276,"7":268,"8":268,"9":268,"10":268,"11":268,"12":268,"13":266,"14":4,"15":262,"16":262,"17":261,"18":264,"19":4,"20":260,"21":260,"22":259,"23":257,"24":257,"25":257,"26":257,"27":257,"28":257,"29":257,"30":257,"31":257,"32":276,"33":276,"34":276,"35":276,"36":276,"37":276,"38":276,"39":276,"40":7,"41":7,"42":7,"43":7,"44":7,"45":75,"46":75,"47":75,"48":7,"49":17,"50":17,"51":17,"52":17,"53":17,"54":17,"55":17,"56":17,"57":257,"58":332,"59":332,"60":996,"61":332,"62":996,"63":966,"64":332,"65":996,"66":573,"67":332,"68":59,"69":59,"70":42,"71":42,"72":17,"73":17,"74":17,"75":17,"76":17,"77":17,"78":17,"79":17,"80":17,"81":17,"82":0,"83":2,"84":2,"85":2,"86":2,"87":62,"88":62,"89":62,"90":2,"91":1,"92":1,"93":3,"94":17,"95":17,"96":17,"97":17,"98":17,"99":0,"100":17,"101":0,"102":17,"103":0,"104":17,"105":17,"106":0,"107":0,"108":17,"109":17,"110":17,"111":17,"112":17,"113":0,"114":17,"115":0,"116":17,"117":17,"118":17,"119":17,"120":17,"121":17,"122":17,"123":0,"124":17,"125":0,"126":17,"127":0,"128":17,"129":17,"130":17,"131":17,"132":17,"133":0,"134":0,"135":0,"136":17,"137":17,"138":17,"139":0,"140":17,"141":0,"142":17,"143":17,"144":17,"145":17,"146":0,"147":17,"148":0,"149":17,"150":17,"151":17,"152":17,"153":0,"154":17,"155":0,"156":17,"157":257,"158":257,"159":257,"160":0,"161":257,"162":45,"163":212,"164":8,"165":204,"166":257,"167":257,"168":257,"169":203,"170":54,"171":8,"172":46,"173":257,"174":257,"175":257,"176":0,"177":257,"178":5,"179":252,"180":257,"181":257,"182":257,"183":9,"184":248,"185":7,"186":241,"187":257,"188":257,"189":257,"190":0,"191":257,"192":5,"193":252,"194":7,"195":0,"196":7,"197":75,"198":75,"199":7,"200":7,"201":2,"202":0,"203":2,"204":62,"205":62,"206":2,"207":38,"208":2,"209":1},"f":{"0":49,"1":276,"2":266,"3":264,"4":257,"5":276,"6":7,"7":17,"8":17,"9":257,"10":332,"11":996,"12":996,"13":996,"14":59,"15":2,"16":1,"17":3,"18":17,"19":17,"20":17,"21":17,"22":17,"23":17,"24":17,"25":257,"26":257,"27":257,"28":257,"29":257,"30":7,"31":75,"32":2,"33":62,"34":38},"b":{"0":[8],"1":[268,0],"2":[4,262],"3":[266,264],"4":[4,260],"5":[264,262],"6":[1],"7":[256,1],"8":[194,82],"9":[276,246,217],"10":[81,1],"11":[82,30,5],"12":[0],"13":[966,30],"14":[573,423],"15":[0],"16":[57],"17":[42,17],"18":[59,42],"19":[17,0],"20":[1,16],"21":[1,0],"22":[1,1],"23":[0,17],"24":[0,17],"25":[0,17],"26":[17,0],"27":[0,0],"28":[17,0],"29":[0,17],"30":[0,17],"31":[17,0],"32":[17,0],"33":[0,17],"34":[0,17],"35":[0,17],"36":[0,17],"37":[17,0],"38":[17,0],"39":[0,0],"40":[0,0],"41":[0,17],"42":[17,17],"43":[0,17],"44":[17,17],"45":[0,17],"46":[17,17],"47":[0,17],"48":[17,17],"49":[0,17],"50":[17,17],"51":[0,17],"52":[17,17],"53":[0,257],"54":[45,212],"55":[8,204],"56":[203,54],"57":[8,46],"58":[0,257],"59":[5,252],"60":[9,248],"61":[7,241],"62":[0,257],"63":[5,252],"64":[0,7],"65":[7,7],"66":[0,7],"67":[7,0],"68":[0,2],"69":[2,2],"70":[62,18]},"_coverageSchema":"1a1c01bbd47fc00a2c39e90264f33305004495a9","hash":"6b843482d975bcbb5bf9245512aa42fca347a911"}
,"D:\\Testing\\VS Code Projects\\ZodiaCore\\src\\services\\astrology\\zc4-2-personal-cycles-constants.js": {"path":"D:\\Testing\\VS Code Projects\\ZodiaCore\\src\\services\\astrology\\zc4-2-personal-cycles-constants.js","statementMap":{"0":{"start":{"line":11,"column":24},"end":{"line":41,"column":1}},"1":{"start":{"line":44,"column":23},"end":{"line":52,"column":1}},"2":{"start":{"line":55,"column":20},"end":{"line":58,"column":1}},"3":{"start":{"line":61,"column":18},"end":{"line":63,"column":1}},"4":{"start":{"line":66,"column":30},"end":{"line":69,"column":1}},"5":{"start":{"line":72,"column":24},"end":{"line":77,"column":1}},"6":{"start":{"line":80,"column":21},"end":{"line":83,"column":1}},"7":{"start":{"line":86,"column":31},"end":{"line":91,"column":1}},"8":{"start":{"line":93,"column":0},"end":{"line":102,"column":2}}},"fnMap":{},"branchMap":{},"s":{"0":1,"1":1,"2":1,"3":1,"4":1,"5":1,"6":1,"7":1,"8":1},"f":{},"b":{},"_coverageSchema":"1a1c01bbd47fc00a2c39e90264f33305004495a9","hash":"fb9f7a0a9590a1f2ca0eebc636de80423d1f53d3"}
,"D:\\Testing\\VS Code Projects\\ZodiaCore\\src\\services\\astrology\\zc4-2-personal-cycles-utils.js": {"path":"D:\\Testing\\VS Code Projects\\ZodiaCore\\src\\services\\astrology\\zc4-2-personal-cycles-utils.js","statementMap":{"0":{"start":{"line":16,"column":4},"end":{"line":16,"column":48}},"1":{"start":{"line":27,"column":4},"end":{"line":50,"column":5}},"2":{"start":{"line":28,"column":8},"end":{"line":34,"column":9}},"3":{"start":{"line":29,"column":12},"end":{"line":29,"column":29}},"4":{"start":{"line":30,"column":15},"end":{"line":34,"column":9}},"5":{"start":{"line":31,"column":12},"end":{"line":31,"column":39}},"6":{"start":{"line":33,"column":12},"end":{"line":33,"column":63}},"7":{"start":{"line":37,"column":8},"end":{"line":39,"column":9}},"8":{"start":{"line":38,"column":12},"end":{"line":38,"column":63}},"9":{"start":{"line":42,"column":20},"end":{"line":42,"column":30}},"10":{"start":{"line":43,"column":8},"end":{"line":45,"column":9}},"11":{"start":{"line":44,"column":12},"end":{"line":44,"column":62}},"12":{"start":{"line":47,"column":8},"end":{"line":47,"column":20}},"13":{"start":{"line":49,"column":8},"end":{"line":49,"column":96}},"14":{"start":{"line":62,"column":4},"end":{"line":79,"column":5}},"15":{"start":{"line":63,"column":8},"end":{"line":69,"column":9}},"16":{"start":{"line":64,"column":12},"end":{"line":64,"column":30}},"17":{"start":{"line":65,"column":15},"end":{"line":69,"column":9}},"18":{"start":{"line":66,"column":12},"end":{"line":66,"column":40}},"19":{"start":{"line":68,"column":12},"end":{"line":68,"column":64}},"20":{"start":{"line":72,"column":8},"end":{"line":74,"column":9}},"21":{"start":{"line":73,"column":12},"end":{"line":73,"column":64}},"22":{"start":{"line":76,"column":8},"end":{"line":76,"column":20}},"23":{"start":{"line":78,"column":8},"end":{"line":78,"column":97}},"24":{"start":{"line":89,"column":4},"end":{"line":91,"column":5}},"25":{"start":{"line":90,"column":8},"end":{"line":90,"column":69}},"26":{"start":{"line":93,"column":4},"end":{"line":93,"column":35}},"27":{"start":{"line":93,"column":21},"end":{"line":93,"column":35}},"28":{"start":{"line":96,"column":4},"end":{"line":98,"column":5}},"29":{"start":{"line":97,"column":8},"end":{"line":97,"column":47}},"30":{"start":{"line":100,"column":14},"end":{"line":100,"column":15}},"31":{"start":{"line":101,"column":4},"end":{"line":104,"column":5}},"32":{"start":{"line":102,"column":8},"end":{"line":102,"column":27}},"33":{"start":{"line":103,"column":8},"end":{"line":103,"column":41}},"34":{"start":{"line":106,"column":4},"end":{"line":106,"column":52}},"35":{"start":{"line":116,"column":4},"end":{"line":118,"column":5}},"36":{"start":{"line":117,"column":8},"end":{"line":117,"column":69}},"37":{"start":{"line":120,"column":14},"end":{"line":120,"column":15}},"38":{"start":{"line":121,"column":19},"end":{"line":121,"column":46}},"39":{"start":{"line":123,"column":4},"end":{"line":125,"column":5}},"40":{"start":{"line":124,"column":8},"end":{"line":124,"column":31}},"41":{"start":{"line":127,"column":4},"end":{"line":127,"column":15}},"42":{"start":{"line":136,"column":4},"end":{"line":138,"column":5}},"43":{"start":{"line":137,"column":8},"end":{"line":137,"column":68}},"44":{"start":{"line":139,"column":4},"end":{"line":139,"column":40}},"45":{"start":{"line":148,"column":4},"end":{"line":148,"column":36}},"46":{"start":{"line":158,"column":22},"end":{"line":158,"column":45}},"47":{"start":{"line":159,"column":28},"end":{"line":159,"column":51}},"48":{"start":{"line":160,"column":24},"end":{"line":160,"column":59}},"49":{"start":{"line":161,"column":28},"end":{"line":161,"column":53}},"50":{"start":{"line":163,"column":4},"end":{"line":168,"column":6}},"51":{"start":{"line":178,"column":25},"end":{"line":178,"column":61}},"52":{"start":{"line":179,"column":4},"end":{"line":181,"column":5}},"53":{"start":{"line":180,"column":8},"end":{"line":180,"column":69}},"54":{"start":{"line":182,"column":4},"end":{"line":182,"column":18}},"55":{"start":{"line":192,"column":17},"end":{"line":192,"column":38}},"56":{"start":{"line":194,"column":4},"end":{"line":194,"column":39}},"57":{"start":{"line":202,"column":8},"end":{"line":202,"column":23}},"58":{"start":{"line":203,"column":8},"end":{"line":203,"column":42}},"59":{"start":{"line":207,"column":0},"end":{"line":218,"column":2}}},"fnMap":{"0":{"name":"validateBirthDate","decl":{"start":{"line":24,"column":9},"end":{"line":24,"column":26}},"loc":{"start":{"line":24,"column":38},"end":{"line":51,"column":1}},"line":24},"1":{"name":"validateTargetDate","decl":{"start":{"line":59,"column":9},"end":{"line":59,"column":27}},"loc":{"start":{"line":59,"column":40},"end":{"line":80,"column":1}},"line":59},"2":{"name":"reduceToSingleDigit","decl":{"start":{"line":88,"column":9},"end":{"line":88,"column":28}},"loc":{"start":{"line":88,"column":37},"end":{"line":107,"column":1}},"line":88},"3":{"name":"calculateCompoundNumber","decl":{"start":{"line":115,"column":9},"end":{"line":115,"column":32}},"loc":{"start":{"line":115,"column":41},"end":{"line":128,"column":1}},"line":115},"4":{"name":"getMonthName","decl":{"start":{"line":135,"column":9},"end":{"line":135,"column":21}},"loc":{"start":{"line":135,"column":35},"end":{"line":140,"column":1}},"line":135},"5":{"name":"getDayOfWeek","decl":{"start":{"line":147,"column":9},"end":{"line":147,"column":21}},"loc":{"start":{"line":147,"column":28},"end":{"line":149,"column":1}},"line":147},"6":{"name":"calculateYearCyclePosition","decl":{"start":{"line":157,"column":9},"end":{"line":157,"column":35}},"loc":{"start":{"line":157,"column":60},"end":{"line":169,"column":1}},"line":157},"7":{"name":"validateSystem","decl":{"start":{"line":177,"column":9},"end":{"line":177,"column":23}},"loc":{"start":{"line":177,"column":32},"end":{"line":183,"column":1}},"line":177},"8":{"name":"calculateNumberCompatibility","decl":{"start":{"line":191,"column":9},"end":{"line":191,"column":37}},"loc":{"start":{"line":191,"column":50},"end":{"line":195,"column":1}},"line":191},"9":{"name":"(anonymous_9)","decl":{"start":{"line":201,"column":4},"end":{"line":201,"column":5}},"loc":{"start":{"line":201,"column":25},"end":{"line":204,"column":5}},"line":201}},"branchMap":{"0":{"loc":{"start":{"line":28,"column":8},"end":{"line":34,"column":9}},"type":"if","locations":[{"start":{"line":28,"column":8},"end":{"line":34,"column":9}},{"start":{"line":30,"column":15},"end":{"line":34,"column":9}}],"line":28},"1":{"loc":{"start":{"line":30,"column":15},"end":{"line":34,"column":9}},"type":"if","locations":[{"start":{"line":30,"column":15},"end":{"line":34,"column":9}},{"start":{"line":32,"column":15},"end":{"line":34,"column":9}}],"line":30},"2":{"loc":{"start":{"line":37,"column":8},"end":{"line":39,"column":9}},"type":"if","locations":[{"start":{"line":37,"column":8},"end":{"line":39,"column":9}},{"start":{},"end":{}}],"line":37},"3":{"loc":{"start":{"line":43,"column":8},"end":{"line":45,"column":9}},"type":"if","locations":[{"start":{"line":43,"column":8},"end":{"line":45,"column":9}},{"start":{},"end":{}}],"line":43},"4":{"loc":{"start":{"line":63,"column":8},"end":{"line":69,"column":9}},"type":"if","locations":[{"start":{"line":63,"column":8},"end":{"line":69,"column":9}},{"start":{"line":65,"column":15},"end":{"line":69,"column":9}}],"line":63},"5":{"loc":{"start":{"line":65,"column":15},"end":{"line":69,"column":9}},"type":"if","locations":[{"start":{"line":65,"column":15},"end":{"line":69,"column":9}},{"start":{"line":67,"column":15},"end":{"line":69,"column":9}}],"line":65},"6":{"loc":{"start":{"line":72,"column":8},"end":{"line":74,"column":9}},"type":"if","locations":[{"start":{"line":72,"column":8},"end":{"line":74,"column":9}},{"start":{},"end":{}}],"line":72},"7":{"loc":{"start":{"line":89,"column":4},"end":{"line":91,"column":5}},"type":"if","locations":[{"start":{"line":89,"column":4},"end":{"line":91,"column":5}},{"start":{},"end":{}}],"line":89},"8":{"loc":{"start":{"line":89,"column":8},"end":{"line":89,"column":51}},"type":"binary-expr","locations":[{"start":{"line":89,"column":8},"end":{"line":89,"column":34}},{"start":{"line":89,"column":38},"end":{"line":89,"column":51}}],"line":89},"9":{"loc":{"start":{"line":93,"column":4},"end":{"line":93,"column":35}},"type":"if","locations":[{"start":{"line":93,"column":4},"end":{"line":93,"column":35}},{"start":{},"end":{}}],"line":93},"10":{"loc":{"start":{"line":96,"column":4},"end":{"line":98,"column":5}},"type":"if","locations":[{"start":{"line":96,"column":4},"end":{"line":98,"column":5}},{"start":{},"end":{}}],"line":96},"11":{"loc":{"start":{"line":106,"column":11},"end":{"line":106,"column":51}},"type":"cond-expr","locations":[{"start":{"line":106,"column":21},"end":{"line":106,"column":45}},{"start":{"line":106,"column":48},"end":{"line":106,"column":51}}],"line":106},"12":{"loc":{"start":{"line":116,"column":4},"end":{"line":118,"column":5}},"type":"if","locations":[{"start":{"line":116,"column":4},"end":{"line":118,"column":5}},{"start":{},"end":{}}],"line":116},"13":{"loc":{"start":{"line":116,"column":8},"end":{"line":116,"column":51}},"type":"binary-expr","locations":[{"start":{"line":116,"column":8},"end":{"line":116,"column":34}},{"start":{"line":116,"column":38},"end":{"line":116,"column":51}}],"line":116},"14":{"loc":{"start":{"line":136,"column":4},"end":{"line":138,"column":5}},"type":"if","locations":[{"start":{"line":136,"column":4},"end":{"line":138,"column":5}},{"start":{},"end":{}}],"line":136},"15":{"loc":{"start":{"line":136,"column":8},"end":{"line":136,"column":43}},"type":"binary-expr","locations":[{"start":{"line":136,"column":8},"end":{"line":136,"column":23}},{"start":{"line":136,"column":27},"end":{"line":136,"column":43}}],"line":136},"16":{"loc":{"start":{"line":179,"column":4},"end":{"line":181,"column":5}},"type":"if","locations":[{"start":{"line":179,"column":4},"end":{"line":181,"column":5}},{"start":{},"end":{}}],"line":179}},"s":{"0":1,"1":544,"2":544,"3":335,"4":209,"5":206,"6":3,"7":541,"8":5,"9":536,"10":536,"11":2,"12":534,"13":10,"14":258,"15":258,"16":137,"17":121,"18":121,"19":0,"20":258,"21":1,"22":257,"23":1,"24":1408,"25":3,"26":1405,"27":454,"28":951,"29":340,"30":611,"31":611,"32":1759,"33":1759,"34":611,"35":3,"36":1,"37":2,"38":2,"39":2,"40":6,"41":2,"42":265,"43":2,"44":263,"45":0,"46":271,"47":271,"48":271,"49":271,"50":271,"51":0,"52":0,"53":0,"54":0,"55":3,"56":3,"57":25,"58":25,"59":1},"f":{"0":544,"1":258,"2":1408,"3":3,"4":265,"5":0,"6":271,"7":0,"8":3,"9":25},"b":{"0":[335,209],"1":[206,3],"2":[5,536],"3":[2,534],"4":[137,121],"5":[121,0],"6":[1,257],"7":[3,1405],"8":[1408,1405],"9":[454,951],"10":[340,611],"11":[272,339],"12":[1,2],"13":[3,2],"14":[2,263],"15":[265,264],"16":[0,0]},"_coverageSchema":"1a1c01bbd47fc00a2c39e90264f33305004495a9","hash":"2883286db1b4312ca77b5723c3ebeb5efc5608b5"}
}
