TN:
SF:src\services\astrology\zc4-2-personal-cycles-calculator.js
FN:36,(anonymous_0)
FN:49,(anonymous_1)
FN:80,(anonymous_2)
FN:107,(anonymous_3)
FN:134,(anonymous_4)
FN:167,(anonymous_5)
FN:203,(anonymous_6)
FN:234,(anonymous_7)
FN:258,(anonymous_8)
FN:276,(anonymous_9)
FN:294,(anonymous_10)
FN:298,(anonymous_11)
FN:301,(anonymous_12)
FN:306,(anonymous_13)
FN:320,(anonymous_14)
FN:370,(anonymous_15)
FN:398,(anonymous_16)
FN:412,(anonymous_17)
FN:417,(anonymous_18)
FN:436,(anonymous_19)
FN:448,(anonymous_20)
FN:460,(anonymous_21)
FN:469,(anonymous_22)
FN:478,(anonymous_23)
FN:487,(anonymous_24)
FN:496,(anonymous_25)
FN:506,(anonymous_26)
FN:515,(anonymous_27)
FN:524,(anonymous_28)
FN:533,(anonymous_29)
FN:542,(anonymous_30)
FN:545,(anonymous_31)
FN:555,(anonymous_32)
FN:558,(anonymous_33)
FN:564,(anonymous_34)
FNF:35
FNH:35
FNDA:49,(anonymous_0)
FNDA:276,(anonymous_1)
FNDA:266,(anonymous_2)
FNDA:264,(anonymous_3)
FNDA:257,(anonymous_4)
FNDA:276,(anonymous_5)
FNDA:7,(anonymous_6)
FNDA:17,(anonymous_7)
FNDA:17,(anonymous_8)
FNDA:257,(anonymous_9)
FNDA:332,(anonymous_10)
FNDA:996,(anonymous_11)
FNDA:996,(anonymous_12)
FNDA:996,(anonymous_13)
FNDA:59,(anonymous_14)
FNDA:2,(anonymous_15)
FNDA:1,(anonymous_16)
FNDA:3,(anonymous_17)
FNDA:17,(anonymous_18)
FNDA:17,(anonymous_19)
FNDA:17,(anonymous_20)
FNDA:17,(anonymous_21)
FNDA:17,(anonymous_22)
FNDA:17,(anonymous_23)
FNDA:17,(anonymous_24)
FNDA:257,(anonymous_25)
FNDA:257,(anonymous_26)
FNDA:257,(anonymous_27)
FNDA:257,(anonymous_28)
FNDA:257,(anonymous_29)
FNDA:7,(anonymous_30)
FNDA:75,(anonymous_31)
FNDA:2,(anonymous_32)
FNDA:62,(anonymous_33)
FNDA:38,(anonymous_34)
DA:15,1
DA:28,1
DA:37,49
DA:38,49
DA:39,49
DA:40,49
DA:50,276
DA:51,268
DA:53,268
DA:54,268
DA:57,268
DA:58,268
DA:60,268
DA:81,266
DA:82,4
DA:86,262
DA:87,262
DA:89,261
DA:108,264
DA:109,4
DA:113,260
DA:114,260
DA:116,259
DA:135,257
DA:136,257
DA:138,257
DA:139,257
DA:140,257
DA:143,257
DA:144,257
DA:145,257
DA:147,257
DA:168,276
DA:169,276
DA:170,276
DA:173,276
DA:174,276
DA:175,276
DA:177,276
DA:180,276
DA:204,7
DA:205,7
DA:206,7
DA:208,7
DA:209,75
DA:210,75
DA:212,75
DA:221,7
DA:235,17
DA:236,17
DA:237,17
DA:239,17
DA:259,17
DA:260,17
DA:261,17
DA:263,17
DA:277,257
DA:295,332
DA:298,996
DA:301,332
DA:302,996
DA:306,332
DA:307,996
DA:310,332
DA:321,59
DA:323,59
DA:324,42
DA:325,42
DA:327,17
DA:329,17
DA:330,17
DA:338,17
DA:339,17
DA:343,17
DA:344,17
DA:348,17
DA:354,17
DA:356,17
DA:359,0
DA:371,2
DA:372,2
DA:374,2
DA:375,62
DA:376,62
DA:378,62
DA:386,2
DA:399,1
DA:400,1
DA:413,3
DA:418,17
DA:419,17
DA:420,17
DA:422,17
DA:425,17
DA:426,17
DA:427,17
DA:430,17
DA:431,0
DA:433,17
DA:437,17
DA:438,17
DA:439,17
DA:441,17
DA:442,17
DA:443,17
DA:445,17
DA:449,17
DA:450,17
DA:451,17
DA:453,17
DA:454,17
DA:455,17
DA:457,17
DA:461,17
DA:462,17
DA:464,17
DA:465,0
DA:466,0
DA:470,17
DA:471,17
DA:473,17
DA:474,17
DA:475,17
DA:479,17
DA:480,17
DA:482,17
DA:483,17
DA:484,17
DA:488,17
DA:489,17
DA:491,17
DA:492,17
DA:493,17
DA:497,257
DA:498,257
DA:500,257
DA:501,257
DA:502,212
DA:503,204
DA:507,257
DA:508,257
DA:510,257
DA:511,54
DA:512,46
DA:516,257
DA:517,257
DA:519,257
DA:520,257
DA:521,252
DA:525,257
DA:526,257
DA:528,257
DA:529,248
DA:530,241
DA:534,257
DA:535,257
DA:537,257
DA:538,257
DA:539,252
DA:543,7
DA:545,7
DA:546,75
DA:547,75
DA:550,7
DA:552,7
DA:556,2
DA:558,2
DA:559,62
DA:560,62
DA:563,2
DA:564,38
DA:566,2
DA:570,1
LF:173
LH:169
BRDA:49,0,0,8
BRDA:51,1,0,268
BRDA:51,1,1,0
BRDA:81,2,0,4
BRDA:81,2,1,262
BRDA:81,3,0,266
BRDA:81,3,1,264
BRDA:108,4,0,4
BRDA:108,4,1,260
BRDA:108,5,0,264
BRDA:108,5,1,262
BRDA:134,6,0,1
BRDA:136,7,0,256
BRDA:136,7,1,1
BRDA:177,8,0,194
BRDA:177,8,1,82
BRDA:177,9,0,276
BRDA:177,9,1,246
BRDA:177,9,2,217
BRDA:178,10,0,81
BRDA:178,10,1,1
BRDA:178,11,0,82
BRDA:178,11,1,30
BRDA:178,11,2,5
BRDA:203,12,0,0
BRDA:302,13,0,966
BRDA:302,13,1,30
BRDA:307,14,0,573
BRDA:307,14,1,423
BRDA:320,15,0,0
BRDA:320,16,0,57
BRDA:323,17,0,42
BRDA:323,17,1,17
BRDA:323,18,0,59
BRDA:323,18,1,42
BRDA:332,19,0,17
BRDA:332,19,1,0
BRDA:344,20,0,1
BRDA:344,20,1,16
BRDA:345,21,0,1
BRDA:345,21,1,0
BRDA:399,22,0,1
BRDA:399,22,1,1
BRDA:425,23,0,0
BRDA:425,23,1,17
BRDA:426,24,0,0
BRDA:426,24,1,17
BRDA:427,25,0,0
BRDA:427,25,1,17
BRDA:430,26,0,17
BRDA:430,26,1,0
BRDA:431,27,0,0
BRDA:431,27,1,0
BRDA:433,28,0,17
BRDA:433,28,1,0
BRDA:441,29,0,0
BRDA:441,29,1,17
BRDA:442,30,0,0
BRDA:442,30,1,17
BRDA:443,31,0,17
BRDA:443,31,1,0
BRDA:445,32,0,17
BRDA:445,32,1,0
BRDA:453,33,0,0
BRDA:453,33,1,17
BRDA:454,34,0,0
BRDA:454,34,1,17
BRDA:455,35,0,0
BRDA:455,35,1,17
BRDA:457,36,0,0
BRDA:457,36,1,17
BRDA:464,37,0,17
BRDA:464,37,1,0
BRDA:464,38,0,17
BRDA:464,38,1,0
BRDA:465,39,0,0
BRDA:465,39,1,0
BRDA:465,40,0,0
BRDA:465,40,1,0
BRDA:473,41,0,0
BRDA:473,41,1,17
BRDA:473,42,0,17
BRDA:473,42,1,17
BRDA:474,43,0,0
BRDA:474,43,1,17
BRDA:474,44,0,17
BRDA:474,44,1,17
BRDA:482,45,0,0
BRDA:482,45,1,17
BRDA:482,46,0,17
BRDA:482,46,1,17
BRDA:483,47,0,0
BRDA:483,47,1,17
BRDA:483,48,0,17
BRDA:483,48,1,17
BRDA:491,49,0,0
BRDA:491,49,1,17
BRDA:491,50,0,17
BRDA:491,50,1,17
BRDA:492,51,0,0
BRDA:492,51,1,17
BRDA:492,52,0,17
BRDA:492,52,1,17
BRDA:500,53,0,0
BRDA:500,53,1,257
BRDA:501,54,0,45
BRDA:501,54,1,212
BRDA:502,55,0,8
BRDA:502,55,1,204
BRDA:510,56,0,203
BRDA:510,56,1,54
BRDA:511,57,0,8
BRDA:511,57,1,46
BRDA:519,58,0,0
BRDA:519,58,1,257
BRDA:520,59,0,5
BRDA:520,59,1,252
BRDA:528,60,0,9
BRDA:528,60,1,248
BRDA:529,61,0,7
BRDA:529,61,1,241
BRDA:537,62,0,0
BRDA:537,62,1,257
BRDA:538,63,0,5
BRDA:538,63,1,252
BRDA:543,64,0,0
BRDA:543,64,1,7
BRDA:543,65,0,7
BRDA:543,65,1,7
BRDA:550,66,0,0
BRDA:550,66,1,7
BRDA:550,67,0,7
BRDA:550,67,1,0
BRDA:556,68,0,0
BRDA:556,68,1,2
BRDA:556,69,0,2
BRDA:556,69,1,2
BRDA:559,70,0,62
BRDA:559,70,1,18
BRF:139
BRH:100
end_of_record
TN:
SF:src\services\astrology\zc4-2-personal-cycles-constants.js
FNF:0
FNH:0
DA:11,1
DA:44,1
DA:55,1
DA:61,1
DA:66,1
DA:72,1
DA:80,1
DA:86,1
DA:93,1
LF:9
LH:9
BRF:0
BRH:0
end_of_record
TN:
SF:src\services\astrology\zc4-2-personal-cycles-utils.js
FN:24,validateBirthDate
FN:59,validateTargetDate
FN:88,reduceToSingleDigit
FN:115,calculateCompoundNumber
FN:135,getMonthName
FN:147,getDayOfWeek
FN:157,calculateYearCyclePosition
FN:177,validateSystem
FN:191,calculateNumberCompatibility
FN:201,(anonymous_9)
FNF:10
FNH:8
FNDA:544,validateBirthDate
FNDA:258,validateTargetDate
FNDA:1408,reduceToSingleDigit
FNDA:3,calculateCompoundNumber
FNDA:265,getMonthName
FNDA:0,getDayOfWeek
FNDA:271,calculateYearCyclePosition
FNDA:0,validateSystem
FNDA:3,calculateNumberCompatibility
FNDA:25,(anonymous_9)
DA:16,1
DA:27,544
DA:28,544
DA:29,335
DA:30,209
DA:31,206
DA:33,3
DA:37,541
DA:38,5
DA:42,536
DA:43,536
DA:44,2
DA:47,534
DA:49,10
DA:62,258
DA:63,258
DA:64,137
DA:65,121
DA:66,121
DA:68,0
DA:72,258
DA:73,1
DA:76,257
DA:78,1
DA:89,1408
DA:90,3
DA:93,1405
DA:96,951
DA:97,340
DA:100,611
DA:101,611
DA:102,1759
DA:103,1759
DA:106,611
DA:116,3
DA:117,1
DA:120,2
DA:121,2
DA:123,2
DA:124,6
DA:127,2
DA:136,265
DA:137,2
DA:139,263
DA:148,0
DA:158,271
DA:159,271
DA:160,271
DA:161,271
DA:163,271
DA:178,0
DA:179,0
DA:180,0
DA:182,0
DA:192,3
DA:194,3
DA:202,25
DA:203,25
DA:207,1
LF:59
LH:53
BRDA:28,0,0,335
BRDA:28,0,1,209
BRDA:30,1,0,206
BRDA:30,1,1,3
BRDA:37,2,0,5
BRDA:37,2,1,536
BRDA:43,3,0,2
BRDA:43,3,1,534
BRDA:63,4,0,137
BRDA:63,4,1,121
BRDA:65,5,0,121
BRDA:65,5,1,0
BRDA:72,6,0,1
BRDA:72,6,1,257
BRDA:89,7,0,3
BRDA:89,7,1,1405
BRDA:89,8,0,1408
BRDA:89,8,1,1405
BRDA:93,9,0,454
BRDA:93,9,1,951
BRDA:96,10,0,340
BRDA:96,10,1,611
BRDA:106,11,0,272
BRDA:106,11,1,339
BRDA:116,12,0,1
BRDA:116,12,1,2
BRDA:116,13,0,3
BRDA:116,13,1,2
BRDA:136,14,0,2
BRDA:136,14,1,263
BRDA:136,15,0,265
BRDA:136,15,1,264
BRDA:179,16,0,0
BRDA:179,16,1,0
BRF:34
BRH:31
end_of_record
